start
echo:Marlin P905

echo: Lastart
echo:Marlin P905

echo: Last Updated: 2017-07-04 12:00 | Author: (none, default config)
Compiled: Nov 16 2017
echo: Free Memory: 3838  PlannerBufferBytes: 1200
echo:Hardcoded Default Settings Loaded
echo:Steps per unit:
echo:  M92 X100.00 Y100.00 Z800.00 E94.00
echo:Maximum feedrates (mm/s):
echo:  M203 X300.00 Y300.00 Z2.00 E25.00
echo:Maximum Acceleration (mm/s2):
echo:  M201 X1000 Y1000 Z50 E10000
echo:Accelerations: P=printing, R=retract and T=travel
echo:  M204 P200.00 R3000.00 T3000.00
echo:Advanced variables: S=Min feedrate (mm/s), T=Min travel feedrate (mm/s), B=minimum segment time (ms), X=maximum XY jerk (mm/s),  Z=maximum Z jerk (mm/s),  E=maximum E jerk (mm/s)
echo:  M205 S0.00 T0.00 B20000 X15.00 Y15.00 Z0.40 E5.00
echo:Home offset (mm)
echo:  M206 X0.00 Y0.00 Z0.00
echo:Material heatup parameters:
echo:  M145 S0 H200 B40 F0
  M145 S1 H240 B110 F0
echo:PID settings:
echo:  M301 P15.35 I1.16 D150.60
echo:Filament settings: Disabled
echo:  M200 D3.00
echo:  M200 D0
echo:SD card ok
echo:SD card ok
echo:Steps per unit:
echo:  M92 X100.00 Y100.00 Z800.00 E94.00
echo:Maximum feedrates (mm/s):
echo:  M203 X300.00 Y300.00 Z2.00 E25.00
echo:Maximum Acceleration (mm/s2):
echo:  M201 X1000 Y1000 Z50 E10000
echo:Accelerations: P=printing, R=retract and T=travel
echo:  M204 P200.00 R3000.00 T3000.00
echo:Advanced variables: S=Min feedrate (mm/s), T=Min travel feedrate (mm/s), B=minimum segment time (ms), X=maximum XY jerk (mm/s),  Z=maximum Z jerk (mm/s),  E=maximum E jerk (mm/s)
echo:  M205 S0.00 T0.00 B20000 X15.00 Y15.00 Z0.40 E5.00
echo:Home offset (mm)
echo:  M206 X0.00 Y0.00 Z0.00
echo:Material heatup parameters:
echo:  M145 S0 H200 B40 F0
  M145 S1 H240 B110 F0
echo:PID settings:
echo:  M301 P15.35 I1.16 D150.60
echo:Filament settings: Disabled
echo:  M200 D3.00
echo:  M200 D0
ok